<?xml version="1.0" encoding="UTF-8"?>
<robot generator="Robot 4.0 (Python 3.9.2 on win32)" generated="20210715 14:49:01.701" rpa="false" schemaversion="2">
<suite id="s1" name="Checkbox" source="C:\Users\Roshan\PycharmProjects\Robotautomation\TestCases\checkbox.robot">
<test id="s1-t1" name="Login test">
<kw name="Open Browser" library="SeleniumLibrary">
<arg>${URL}</arg>
<arg>${Browser}</arg>
<doc>Opens a new browser instance to the given ``url``.</doc>
<msg timestamp="20210715 14:49:02.015" level="INFO">Opening browser 'Firefox' to base url 'http://demo.automationtesting.in/Register.html'.</msg>
<status status="PASS" starttime="20210715 14:49:02.015" endtime="20210715 14:49:29.986"/>
</kw>
<kw name="Maximize Browser Window" library="SeleniumLibrary">
<doc>Maximizes current browser window.</doc>
<status status="PASS" starttime="20210715 14:49:29.988" endtime="20210715 14:49:30.001"/>
</kw>
<kw name="Select Checkbox" library="SeleniumLibrary">
<arg>Cricket</arg>
<doc>Selects checkbox identified by ``locator``.</doc>
<msg timestamp="20210715 14:49:30.005" level="INFO">Selecting checkbox 'Cricket'.</msg>
<status status="PASS" starttime="20210715 14:49:30.004" endtime="20210715 14:49:30.477"/>
</kw>
<kw name="Capture Page Screenshot" library="SeleniumLibrary">
<arg>C:/Users/Roshan/PycharmProjects/Robotautomation/TestCases/check.png</arg>
<doc>Takes screenshot of the current page and embeds it into log file.</doc>
<msg timestamp="20210715 14:49:30.657" level="INFO" html="true">&lt;/td&gt;&lt;/tr&gt;&lt;tr&gt;&lt;td colspan="3"&gt;&lt;a href="check.png"&gt;&lt;img src="check.png" width="800px"&gt;&lt;/a&gt;</msg>
<status status="PASS" starttime="20210715 14:49:30.478" endtime="20210715 14:49:30.657"/>
</kw>
<status status="PASS" starttime="20210715 14:49:02.014" endtime="20210715 14:49:30.663"/>
</test>
<status status="PASS" starttime="20210715 14:49:01.703" endtime="20210715 14:49:30.667"/>
</suite>
<statistics>
<total>
<stat pass="1" fail="0" skip="0">All Tests</stat>
</total>
<tag>
</tag>
<suite>
<stat pass="1" fail="0" skip="0" id="s1" name="Checkbox">Checkbox</stat>
</suite>
</statistics>
<errors>
</errors>
</robot>
